e:\develop\qtproject\forwardsonar\release\qrc_res.obj
e:\develop\qtproject\forwardsonar\release\mainwindow.obj
e:\develop\qtproject\forwardsonar\release\brigthnessscrollbar.obj
e:\develop\qtproject\forwardsonar\release\fanviewsettingdlg.obj
e:\develop\qtproject\forwardsonar\release\myopenglwidget.obj
e:\develop\qtproject\forwardsonar\release\colorvaluesetdlg.obj
e:\develop\qtproject\forwardsonar\release\replayprogress.obj
e:\develop\qtproject\forwardsonar\release\cmdthread.obj
e:\develop\qtproject\forwardsonar\release\parsingfile.obj
e:\develop\qtproject\forwardsonar\release\main.obj
e:\develop\qtproject\forwardsonar\release\dataacquisition.obj
e:\develop\qtproject\forwardsonar\release\moc_dataacquisition.obj
e:\develop\qtproject\forwardsonar\release\moc_mainwindow.obj
e:\develop\qtproject\forwardsonar\release\moc_fanviewsettingdlg.obj
e:\develop\qtproject\forwardsonar\release\moc_replayprogress.obj
e:\develop\qtproject\forwardsonar\release\moc_myopenglwidget.obj
e:\develop\qtproject\forwardsonar\release\moc_colorvaluesetdlg.obj
e:\develop\qtproject\forwardsonar\release\moc_parsingfile.obj
e:\develop\qtproject\forwardsonar\release\moc_predefs.h
e:\develop\qtproject\forwardsonar\ui_colorvaluesetdlg.h
e:\develop\qtproject\forwardsonar\ui_fanviewsettingdlg.h
e:\develop\qtproject\forwardsonar\ui_mainwindow.h
e:\develop\qtproject\forwardsonar\release\qrc_res.cpp
e:\develop\qtproject\forwardsonar\release\moc_colorvaluesetdlg.cpp
e:\develop\qtproject\forwardsonar\release\moc_fanviewsettingdlg.cpp
e:\develop\qtproject\forwardsonar\release\moc_dataacquisition.cpp
e:\develop\qtproject\forwardsonar\release\moc_mainwindow.cpp
e:\develop\qtproject\forwardsonar\release\moc_myopenglwidget.cpp
e:\develop\qtproject\forwardsonar\release\moc_parsingfile.cpp
e:\develop\qtproject\forwardsonar\release\moc_replayprogress.cpp
e:\develop\qtproject\forwardsonar\release\forwardsonar.tlog\cl.command.1.tlog
e:\develop\qtproject\forwardsonar\release\forwardsonar.tlog\cl.read.1.tlog
e:\develop\qtproject\forwardsonar\release\forwardsonar.tlog\cl.write.1.tlog
e:\develop\qtproject\forwardsonar\release\forwardsonar.tlog\custombuild.command.1.tlog
e:\develop\qtproject\forwardsonar\release\forwardsonar.tlog\custombuild.read.1.tlog
e:\develop\qtproject\forwardsonar\release\forwardsonar.tlog\custombuild.write.1.tlog
e:\develop\qtproject\forwardsonar\release\forwardsonar.tlog\forwardsonar.write.1u.tlog
e:\develop\qtproject\forwardsonar\release\forwardsonar.tlog\link-cvtres.read.1.tlog
e:\develop\qtproject\forwardsonar\release\forwardsonar.tlog\link-cvtres.write.1.tlog
e:\develop\qtproject\forwardsonar\release\forwardsonar.tlog\link-rc.read.1.tlog
e:\develop\qtproject\forwardsonar\release\forwardsonar.tlog\link-rc.write.1.tlog
e:\develop\qtproject\forwardsonar\release\forwardsonar.tlog\link.command.1.tlog
e:\develop\qtproject\forwardsonar\release\forwardsonar.tlog\link.read.1.tlog
e:\develop\qtproject\forwardsonar\release\forwardsonar.tlog\link.write.1.tlog
e:\develop\qtproject\forwardsonar\release\forwardsonar.tlog\moc.read.1u.tlog
e:\develop\qtproject\forwardsonar\release\forwardsonar.tlog\moc.write.1u.tlog
e:\develop\qtproject\forwardsonar\release\forwardsonar.tlog\rcc.read.1u.tlog
e:\develop\qtproject\forwardsonar\release\forwardsonar.tlog\rcc.write.1u.tlog
e:\develop\qtproject\forwardsonar\release\forwardsonar.tlog\uic.read.1u.tlog
e:\develop\qtproject\forwardsonar\release\forwardsonar.tlog\uic.write.1u.tlog
